<html>
<body>
<pre>
<h1>µVision Build Log</h1>
<h2>Project:</h2>
C:\Users\Jonathan\Desktop\Embedded Systems\Labs\Lab 10\Vending machine\SysTick.uvproj
Project File Date:  08/12/2014

<h2>Output:</h2>
Build target 'SysTick'
linking...
Program Size: Code=1528 RO-data=212 RW-data=8 ZI-data=1120  
".\SysTick.axf" - 0 Error(s), 0 Warning(s).
</pre>
</body>
</html>
c...
"SysTickTestMain.c" - 0 Error(s), 0 Warning(s).
c" - 0 Error(s), 0 Warning(s).
sTickTestMain.c...
"SysTickTestMain.c" - 0 Error(s), 0 Warning(s).
T20ms,{M5,W10,W15}}, // M5, have 5 cents
SysTickTestMain.c(74): error:  #67: expected a "}"
  {&Solenoid_None, T20ms,{M10,W10,W10}}, // W10, seeing a dime
SysTickTestMain.c(75): error:  #67: expected a "}"
  {&Solenoid_None, T20ms,{M10,W15,W20}}, // M10, have 10 cents
SysTickTestMain.c(76): error:  #67: expected a "}"
  {&Solenoid_None, T20ms,{M15,W15,W15}}, // W15, seeing something
SysTickTestMain.c(77): error:  #67: expected a "}"
  {&Solenoid_Soda, T20ms,{M0,M0,M0}}, // M15, have 15 cents
SysTickTestMain.c(78): error:  #67: expected a "}"
  {&Solenoid_None, T20ms,{M20,W20,W20}}, // W20, seeing dime
SysTickTestMain.c(79): error:  #67: expected a "}"
  {&Solenoid_Change,T20ms,{M15,M15,M15}}}; // M20, have 20 cents
SysTickTestMain.c: 0 warnings, 9 errors
"SysTickTestMain.c" - 9 Error(s), 0 Warning(s).
compiling SysTickTestMain.c...
"SysTickTestMain.c" - 0 Error(s), 0 Warning(s).
